[==========] Running 4 tests from 2 test cases.
[----------] Global test environment set-up.
[----------] 1 test from 
[ RUN      ] .normal
./unittest.cpp:10: Failure
Value of: add(2, 6)
  Actual: 8
Expected: 5
[  FAILED  ] .normal (0 ms)
[----------] 1 test from  (0 ms total)

[----------] 3 tests from add
[ RUN      ] add.hihih
[       OK ] add.hihih (0 ms)
[ RUN      ] add.test1
[       OK ] add.test1 (0 ms)
[ RUN      ] add.test2
./unittest.cpp:22: Failure
Value of: add(2, 3)
  Actual: 5
Expected: 6
[  FAILED  ] add.test2 (0 ms)
[----------] 3 tests from add (0 ms total)

[----------] Global test environment tear-down
[==========] 4 tests from 2 test cases ran. (1 ms total)
[  PASSED  ] 2 tests.
[  FAILED  ] 2 tests, listed below:
[  FAILED  ] .normal
[  FAILED  ] add.test2

 2 FAILED TESTS
